Using pre-set license
Built from '2022.1/staging' branch; Version is '2022.1.3f1 (1cedbfe38737) revision 1895871'; Using compiler version '192829333'; Build Type 'Release'
OS: 'Windows 11  (10.0.22624) 64bit Professional' Language: 'en' Physical Memory: 15741 MB
BatchMode: 1, IsHumanControllingUs: 0, StartBugReporterOnCrash: 0, Is64bit: 1, IsPro: 1

COMMAND LINE ARGUMENTS:
C:\Unity Hub\Editor\2022.1.3f1\Editor\Unity.exe
-adb2
-batchMode
-noUpm
-name
AssetImportWorker0
-projectPath
C:/proiect/Unity/Proiect Colectiv
-logFile
Logs/AssetImportWorker0.log
-srvPort
50260
Successfully changed project path to: C:/proiect/Unity/Proiect Colectiv
C:/proiect/Unity/Proiect Colectiv
[UnityMemory] Configuration Parameters - Can be set up in boot.config
    "memorysetup-bucket-allocator-granularity=16"
    "memorysetup-bucket-allocator-bucket-count=8"
    "memorysetup-bucket-allocator-block-size=33554432"
    "memorysetup-bucket-allocator-block-count=8"
    "memorysetup-main-allocator-block-size=16777216"
    "memorysetup-thread-allocator-block-size=16777216"
    "memorysetup-gfx-main-allocator-block-size=16777216"
    "memorysetup-gfx-thread-allocator-block-size=16777216"
    "memorysetup-cache-allocator-block-size=4194304"
    "memorysetup-typetree-allocator-block-size=2097152"
    "memorysetup-profiler-bucket-allocator-granularity=16"
    "memorysetup-profiler-bucket-allocator-bucket-count=8"
    "memorysetup-profiler-bucket-allocator-block-size=33554432"
    "memorysetup-profiler-bucket-allocator-block-count=8"
    "memorysetup-profiler-allocator-block-size=16777216"
    "memorysetup-profiler-editor-allocator-block-size=1048576"
    "memorysetup-temp-allocator-size-main=16777216"
    "memorysetup-job-temp-allocator-block-size=2097152"
    "memorysetup-job-temp-allocator-block-size-background=1048576"
    "memorysetup-job-temp-allocator-reduction-small-platforms=262144"
    "memorysetup-temp-allocator-size-background-worker=32768"
    "memorysetup-temp-allocator-size-job-worker=262144"
    "memorysetup-temp-allocator-size-preload-manager=33554432"
    "memorysetup-temp-allocator-size-nav-mesh-worker=65536"
    "memorysetup-temp-allocator-size-audio-worker=65536"
    "memorysetup-temp-allocator-size-cloud-worker=32768"
    "memorysetup-temp-allocator-size-gi-baking-worker=262144"
    "memorysetup-temp-allocator-size-gfx=262144"
Refreshing native plugins compatible for Editor in 118.62 ms, found 3 plugins.
Preloading 0 native plugins for Editor in 0.00 ms.
Initialize engine version: 2022.1.3f1 (1cedbfe38737)
[Subsystems] Discovering subsystems at path C:/Unity Hub/Editor/2022.1.3f1/Editor/Data/Resources/UnitySubsystems
[Subsystems] Discovering subsystems at path C:/proiect/Unity/Proiect Colectiv/Assets
GfxDevice: creating device client; threaded=0; jobified=0
Direct3D:
    Version:  Direct3D 11.0 [level 11.1]
    Renderer: NVIDIA GeForce GTX 1650 (ID=0x1f99)
    Vendor:   NVIDIA
    VRAM:     3950 MB
    Driver:   31.0.15.2824
Initialize mono
Mono path[0] = 'C:/Unity Hub/Editor/2022.1.3f1/Editor/Data/Managed'
Mono path[1] = 'C:/Unity Hub/Editor/2022.1.3f1/Editor/Data/MonoBleedingEdge/lib/mono/unityjit-win32'
Mono config path = 'C:/Unity Hub/Editor/2022.1.3f1/Editor/Data/MonoBleedingEdge/etc'
Using monoOptions --debugger-agent=transport=dt_socket,embedding=1,server=y,suspend=n,address=127.0.0.1:56840
Begin MonoManager ReloadAssembly
Registering precompiled unity dll's ...
Register platform support module: C:/Unity Hub/Editor/2022.1.3f1/Editor/Data/PlaybackEngines/WindowsStandaloneSupport/UnityEditor.WindowsStandalone.Extensions.dll
Register platform support module: C:/Unity Hub/Editor/2022.1.3f1/Editor/Data/PlaybackEngines/MetroSupport/UnityEditor.UWP.Extensions.dll
Registered in 0.007307 seconds.
Native extension for UWP target not found
Native extension for WindowsStandalone target not found
Refreshing native plugins compatible for Editor in 99.84 ms, found 3 plugins.
Preloading 0 native plugins for Editor in 0.00 ms.
Mono: successfully reloaded assembly
- Completed reload, in  0.910 seconds
Domain Reload Profiling:
	ReloadAssembly (911ms)
		BeginReloadAssembly (93ms)
			ExecutionOrderSort (0ms)
			DisableScriptedObjects (0ms)
			BackupInstance (0ms)
			ReleaseScriptingObjects (0ms)
			CreateAndSetChildDomain (1ms)
		EndReloadAssembly (663ms)
			LoadAssemblies (91ms)
			RebuildTransferFunctionScriptingTraits (0ms)
			SetupTypeCache (166ms)
				TypeCache.Initialize (165ms)
					TypeCache.ScanAssembly (163ms)
				ResolveRequiredComponents (1ms)
			ReleaseScriptCaches (0ms)
			RebuildScriptCaches (41ms)
			SetupLoadedEditorAssemblies (380ms)
				LogAssemblyErrors (0ms)
				InitializePlatformSupportModulesInManaged (14ms)
				SetLoadedEditorAssemblies (11ms)
				RefreshPlugins (100ms)
				BeforeProcessingInitializeOnLoad (2ms)
				ProcessInitializeOnLoadAttributes (188ms)
				ProcessInitializeOnLoadMethodAttributes (65ms)
				AfterProcessingInitializeOnLoad (0ms)
				EditorAssembliesLoaded (0ms)
			ExecutionOrderSort2 (0ms)
			AwakeInstancesAfterBackupRestoration (0ms)
Platform modules already initialized, skipping
Registering precompiled user dll's ...
Registered in 0.010654 seconds.
Begin MonoManager ReloadAssembly
Symbol file LoadedFromMemory doesn't match image C:\proiect\Unity\Proiect Colectiv\Library\PackageCache\com.unity.visualscripting@1.7.8\Editor\VisualScripting.Core\Dependencies\YamlDotNet\Unity.VisualScripting.YamlDotNet.dll
Symbol file LoadedFromMemory doesn't match image C:\proiect\Unity\Proiect Colectiv\Library\PackageCache\com.unity.visualscripting@1.7.8\Editor\VisualScripting.Core\Dependencies\DotNetZip\Unity.VisualScripting.IonicZip.dll
Native extension for UWP target not found
Native extension for WindowsStandalone target not found
Refreshing native plugins compatible for Editor in 1.13 ms, found 3 plugins.
Preloading 0 native plugins for Editor in 0.00 ms.
Mono: successfully reloaded assembly
- Completed reload, in  1.744 seconds
Domain Reload Profiling:
	ReloadAssembly (1746ms)
		BeginReloadAssembly (145ms)
			ExecutionOrderSort (0ms)
			DisableScriptedObjects (8ms)
			BackupInstance (0ms)
			ReleaseScriptingObjects (0ms)
			CreateAndSetChildDomain (28ms)
		EndReloadAssembly (1458ms)
			LoadAssemblies (109ms)
			RebuildTransferFunctionScriptingTraits (0ms)
			SetupTypeCache (338ms)
				TypeCache.Initialize (332ms)
					TypeCache.ScanAssembly (326ms)
				ResolveRequiredComponents (6ms)
			ReleaseScriptCaches (1ms)
			RebuildScriptCaches (80ms)
			SetupLoadedEditorAssemblies (734ms)
				LogAssemblyErrors (0ms)
				InitializePlatformSupportModulesInManaged (25ms)
				SetLoadedEditorAssemblies (14ms)
				RefreshPlugins (1ms)
				BeforeProcessingInitializeOnLoad (131ms)
				ProcessInitializeOnLoadAttributes (464ms)
				ProcessInitializeOnLoadMethodAttributes (81ms)
				AfterProcessingInitializeOnLoad (17ms)
				EditorAssembliesLoaded (0ms)
			ExecutionOrderSort2 (0ms)
			AwakeInstancesAfterBackupRestoration (15ms)
Platform modules already initialized, skipping
========================================================================
Worker process is ready to serve import requests
Launched and connected shader compiler UnityShaderCompiler.exe after 0.07 seconds
Refreshing native plugins compatible for Editor in 1.37 ms, found 3 plugins.
Preloading 0 native plugins for Editor in 0.00 ms.
Unloading 3448 Unused Serialized files (Serialized files now loaded: 0)
Unloading 27 unused Assets / (58.5 KB). Loaded Objects now: 3926.
Memory consumption went from 0.53 GB to 0.53 GB.
Total: 20.892700 ms (FindLiveObjects: 5.375700 ms CreateObjectMapping: 3.848000 ms MarkObjects: 11.514800 ms  DeleteObjects: 0.152200 ms)

AssetImportParameters requested are different than current active one (requested -> active):
  custom:video-decoder-ogg-theora: a1e56fd34408186e4bbccfd4996cb3dc -> 
  custom:container-muxer-webm: aa71ff27fc2769a1b78a27578f13a17b -> 
  custom:container-demuxer-webm: 4f35f7cbe854078d1ac9338744f61a02 -> 
  custom:video-encoder-webm-vp8: eb34c28f22e8b96e1ab97ce403110664 -> 
  custom:video-codec-MediaFoundation-h265: 746d11721c4dcdbdad8f713fa42b33f4 -> 
  custom:audio-encoder-webm-vorbis: bf7c407c2cedff20999df2af8eb42d56 -> 
  custom:framework-win-MediaFoundation: 216162199b28c13a410421893ffa2e32 -> 
  custom:container-demuxer-ogg: 62fdf1f143b41e24485cea50d1cbac27 -> 
  custom:video-decoder-webm-vp8: 9c59270c3fd7afecdb556c50c9e8de78 -> 
  custom:audio-decoder-ogg-vorbis: bf7c407c2cedff20999df2af8eb42d56 -> 
========================================================================
Received Import Request.
  Time since last request: 201.959943 seconds.
  path: Assets/UnicornSpellerInterface/Unity.ItemReceiver.dll
  artifactKey: Guid(f5a059e6bf7a0074dac8788f4e8e292f) Importer(815301076,1909f56bfc062723c751e8b465ee728b)
Start importing Assets/UnicornSpellerInterface/Unity.ItemReceiver.dll using Guid(f5a059e6bf7a0074dac8788f4e8e292f) Importer(815301076,1909f56bfc062723c751e8b465ee728b)  -> (artifact id: 'e73507130684f0ea9b6a2113ef5ad2d6') in 0.068513 seconds 
========================================================================
Received Import Request.
  Time since last request: 0.001576 seconds.
  path: Assets/UnicornSpellerInterface/Unity.ItemReceiver.xml
  artifactKey: Guid(8dc6527252d0c8741b940eb0878373a3) Importer(815301076,1909f56bfc062723c751e8b465ee728b)
Start importing Assets/UnicornSpellerInterface/Unity.ItemReceiver.xml using Guid(8dc6527252d0c8741b940eb0878373a3) Importer(815301076,1909f56bfc062723c751e8b465ee728b)  -> (artifact id: '94aa22369bb7e526a428a5af5f86fe25') in 0.032198 seconds 
========================================================================
Received Import Request.
  Time since last request: 21.855846 seconds.
  path: Assets/UnicornSpellerInterface/UnicornSpellerInterface.cs
  artifactKey: Guid(61598a70e54785348a792b202bad4990) Importer(815301076,1909f56bfc062723c751e8b465ee728b)
Start importing Assets/UnicornSpellerInterface/UnicornSpellerInterface.cs using Guid(61598a70e54785348a792b202bad4990) Importer(815301076,1909f56bfc062723c751e8b465ee728b)  -> (artifact id: 'fe56fbce114c7a373134d534e68a05f6') in 0.036017 seconds 
========================================================================
Received Import Request.
  Time since last request: 323.723880 seconds.
  path: Assets/Scripts/charInput.cs
  artifactKey: Guid(9c8a3530478aade4d97cac3661a773e1) Importer(815301076,1909f56bfc062723c751e8b465ee728b)
Start importing Assets/Scripts/charInput.cs using Guid(9c8a3530478aade4d97cac3661a773e1) Importer(815301076,1909f56bfc062723c751e8b465ee728b)  -> (artifact id: 'eea1a4ca7eaae887f31e5a6dadd563b9') in 0.008833 seconds 
========================================================================
Received Prepare
Registering precompiled user dll's ...
Registered in 0.005805 seconds.
Begin MonoManager ReloadAssembly
Symbol file LoadedFromMemory doesn't match image C:\proiect\Unity\Proiect Colectiv\Library\PackageCache\com.unity.visualscripting@1.7.8\Editor\VisualScripting.Core\Dependencies\YamlDotNet\Unity.VisualScripting.YamlDotNet.dll
Symbol file LoadedFromMemory doesn't match image C:\proiect\Unity\Proiect Colectiv\Library\PackageCache\com.unity.visualscripting@1.7.8\Editor\VisualScripting.Core\Dependencies\DotNetZip\Unity.VisualScripting.IonicZip.dll
Native extension for UWP target not found
Native extension for WindowsStandalone target not found
Refreshing native plugins compatible for Editor in 0.95 ms, found 3 plugins.
Preloading 0 native plugins for Editor in 0.00 ms.
Mono: successfully reloaded assembly
- Completed reload, in  1.265 seconds
Domain Reload Profiling:
	ReloadAssembly (1266ms)
		BeginReloadAssembly (165ms)
			ExecutionOrderSort (0ms)
			DisableScriptedObjects (7ms)
			BackupInstance (0ms)
			ReleaseScriptingObjects (0ms)
			CreateAndSetChildDomain (47ms)
		EndReloadAssembly (987ms)
			LoadAssemblies (105ms)
			RebuildTransferFunctionScriptingTraits (0ms)
			SetupTypeCache (343ms)
				TypeCache.Initialize (337ms)
					TypeCache.ScanAssembly (329ms)
				ResolveRequiredComponents (6ms)
			ReleaseScriptCaches (1ms)
			RebuildScriptCaches (55ms)
			SetupLoadedEditorAssemblies (415ms)
				LogAssemblyErrors (0ms)
				InitializePlatformSupportModulesInManaged (18ms)
				SetLoadedEditorAssemblies (9ms)
				RefreshPlugins (1ms)
				BeforeProcessingInitializeOnLoad (77ms)
				ProcessInitializeOnLoadAttributes (272ms)
				ProcessInitializeOnLoadMethodAttributes (32ms)
				AfterProcessingInitializeOnLoad (7ms)
				EditorAssembliesLoaded (0ms)
			ExecutionOrderSort2 (0ms)
			AwakeInstancesAfterBackupRestoration (11ms)
Platform modules already initialized, skipping
Refreshing native plugins compatible for Editor in 2.06 ms, found 3 plugins.
Preloading 0 native plugins for Editor in 0.00 ms.
Unloading 3428 Unused Serialized files (Serialized files now loaded: 0)
Unloading 20 unused Assets / (25.4 KB). Loaded Objects now: 3930.
Memory consumption went from 0.53 GB to 0.53 GB.
Total: 3.179700 ms (FindLiveObjects: 0.406100 ms CreateObjectMapping: 0.292300 ms MarkObjects: 2.438400 ms  DeleteObjects: 0.039400 ms)

AssetImportParameters requested are different than current active one (requested -> active):
  custom:video-decoder-ogg-theora: a1e56fd34408186e4bbccfd4996cb3dc -> 
  custom:container-muxer-webm: aa71ff27fc2769a1b78a27578f13a17b -> 
  custom:container-demuxer-webm: 4f35f7cbe854078d1ac9338744f61a02 -> 
  custom:video-encoder-webm-vp8: eb34c28f22e8b96e1ab97ce403110664 -> 
  custom:video-codec-MediaFoundation-h265: 746d11721c4dcdbdad8f713fa42b33f4 -> 
  custom:audio-encoder-webm-vorbis: bf7c407c2cedff20999df2af8eb42d56 -> 
  custom:framework-win-MediaFoundation: 216162199b28c13a410421893ffa2e32 -> 
  custom:container-demuxer-ogg: 62fdf1f143b41e24485cea50d1cbac27 -> 
  custom:video-decoder-webm-vp8: 9c59270c3fd7afecdb556c50c9e8de78 -> 
  custom:audio-decoder-ogg-vorbis: bf7c407c2cedff20999df2af8eb42d56 -> 
========================================================================
Received Import Request.
  Time since last request: 501.777006 seconds.
  path: Assets/Scenes/joculet 2d.unity
  artifactKey: Guid(201339551d24adc4784ac17d90b9ff9a) Importer(815301076,1909f56bfc062723c751e8b465ee728b)
Start importing Assets/Scenes/joculet 2d.unity using Guid(201339551d24adc4784ac17d90b9ff9a) Importer(815301076,1909f56bfc062723c751e8b465ee728b)  -> (artifact id: 'f499b0a3276c004c67e5a2c24b6854a3') in 0.025237 seconds 
========================================================================
Received Import Request.
  Time since last request: 420.916282 seconds.
  path: Assets/Scripts/sceneChangeArcade.cs
  artifactKey: Guid(31faa8c54670c9f45ae3e5c06a1ce215) Importer(815301076,1909f56bfc062723c751e8b465ee728b)
Start importing Assets/Scripts/sceneChangeArcade.cs using Guid(31faa8c54670c9f45ae3e5c06a1ce215) Importer(815301076,1909f56bfc062723c751e8b465ee728b)  -> (artifact id: '15510781bb9cefe624544307edc368eb') in 0.014972 seconds 
========================================================================
Received Import Request.
  Time since last request: 20.011888 seconds.
  path: Assets/Scripts/buttonPress.cs
  artifactKey: Guid(c2b98e32c813f5b42b4bf4715f76db35) Importer(815301076,1909f56bfc062723c751e8b465ee728b)
Start importing Assets/Scripts/buttonPress.cs using Guid(c2b98e32c813f5b42b4bf4715f76db35) Importer(815301076,1909f56bfc062723c751e8b465ee728b)  -> (artifact id: '5c2e454413d7316e9fd215b183674193') in 0.013375 seconds 
========================================================================
Received Prepare
Registering precompiled user dll's ...
Registered in 0.010669 seconds.
Begin MonoManager ReloadAssembly
Symbol file LoadedFromMemory doesn't match image C:\proiect\Unity\Proiect Colectiv\Library\PackageCache\com.unity.visualscripting@1.7.8\Editor\VisualScripting.Core\Dependencies\YamlDotNet\Unity.VisualScripting.YamlDotNet.dll
Symbol file LoadedFromMemory doesn't match image C:\proiect\Unity\Proiect Colectiv\Library\PackageCache\com.unity.visualscripting@1.7.8\Editor\VisualScripting.Core\Dependencies\DotNetZip\Unity.VisualScripting.IonicZip.dll
Native extension for UWP target not found
Native extension for WindowsStandalone target not found
Refreshing native plugins compatible for Editor in 0.69 ms, found 3 plugins.
Preloading 0 native plugins for Editor in 0.00 ms.
Mono: successfully reloaded assembly
- Completed reload, in  1.229 seconds
Domain Reload Profiling:
	ReloadAssembly (1230ms)
		BeginReloadAssembly (162ms)
			ExecutionOrderSort (0ms)
			DisableScriptedObjects (7ms)
			BackupInstance (0ms)
			ReleaseScriptingObjects (0ms)
			CreateAndSetChildDomain (41ms)
		EndReloadAssembly (948ms)
			LoadAssemblies (110ms)
			RebuildTransferFunctionScriptingTraits (0ms)
			SetupTypeCache (306ms)
				TypeCache.Initialize (289ms)
					TypeCache.ScanAssembly (283ms)
				ResolveRequiredComponents (17ms)
			ReleaseScriptCaches (1ms)
			RebuildScriptCaches (65ms)
			SetupLoadedEditorAssemblies (378ms)
				LogAssemblyErrors (0ms)
				InitializePlatformSupportModulesInManaged (15ms)
				SetLoadedEditorAssemblies (9ms)
				RefreshPlugins (1ms)
				BeforeProcessingInitializeOnLoad (81ms)
				ProcessInitializeOnLoadAttributes (233ms)
				ProcessInitializeOnLoadMethodAttributes (32ms)
				AfterProcessingInitializeOnLoad (6ms)
				EditorAssembliesLoaded (0ms)
			ExecutionOrderSort2 (0ms)
			AwakeInstancesAfterBackupRestoration (7ms)
Platform modules already initialized, skipping
Refreshing native plugins compatible for Editor in 1.66 ms, found 3 plugins.
Preloading 0 native plugins for Editor in 0.00 ms.
Unloading 3429 Unused Serialized files (Serialized files now loaded: 0)
Unloading 20 unused Assets / (25.4 KB). Loaded Objects now: 3934.
Memory consumption went from 0.53 GB to 0.53 GB.
Total: 3.012600 ms (FindLiveObjects: 0.293800 ms CreateObjectMapping: 0.097000 ms MarkObjects: 2.599700 ms  DeleteObjects: 0.021000 ms)

AssetImportParameters requested are different than current active one (requested -> active):
  custom:video-decoder-ogg-theora: a1e56fd34408186e4bbccfd4996cb3dc -> 
  custom:container-muxer-webm: aa71ff27fc2769a1b78a27578f13a17b -> 
  custom:container-demuxer-webm: 4f35f7cbe854078d1ac9338744f61a02 -> 
  custom:video-encoder-webm-vp8: eb34c28f22e8b96e1ab97ce403110664 -> 
  custom:video-codec-MediaFoundation-h265: 746d11721c4dcdbdad8f713fa42b33f4 -> 
  custom:audio-encoder-webm-vorbis: bf7c407c2cedff20999df2af8eb42d56 -> 
  custom:framework-win-MediaFoundation: 216162199b28c13a410421893ffa2e32 -> 
  custom:container-demuxer-ogg: 62fdf1f143b41e24485cea50d1cbac27 -> 
  custom:video-decoder-webm-vp8: 9c59270c3fd7afecdb556c50c9e8de78 -> 
  custom:audio-decoder-ogg-vorbis: bf7c407c2cedff20999df2af8eb42d56 -> 
========================================================================
Received Import Request.
  Time since last request: 43.743302 seconds.
  path: Assets/Scripts/buttonPress.cs
  artifactKey: Guid(c2b98e32c813f5b42b4bf4715f76db35) Importer(815301076,1909f56bfc062723c751e8b465ee728b)
Start importing Assets/Scripts/buttonPress.cs using Guid(c2b98e32c813f5b42b4bf4715f76db35) Importer(815301076,1909f56bfc062723c751e8b465ee728b)  -> (artifact id: '2942ac74695f1cf4e2c07b9bd0719195') in 0.006690 seconds 
========================================================================
Received Import Request.
  Time since last request: 23.047404 seconds.
  path: Assets/Scripts/buttonPress.cs
  artifactKey: Guid(c2b98e32c813f5b42b4bf4715f76db35) Importer(815301076,1909f56bfc062723c751e8b465ee728b)
Start importing Assets/Scripts/buttonPress.cs using Guid(c2b98e32c813f5b42b4bf4715f76db35) Importer(815301076,1909f56bfc062723c751e8b465ee728b)  -> (artifact id: '7efc4408186ffed8c7ed8e2dd3b2379e') in 0.007306 seconds 
========================================================================
Received Import Request.
  Time since last request: 11.361041 seconds.
  path: Assets/Scripts/buttonPress.cs
  artifactKey: Guid(c2b98e32c813f5b42b4bf4715f76db35) Importer(815301076,1909f56bfc062723c751e8b465ee728b)
Start importing Assets/Scripts/buttonPress.cs using Guid(c2b98e32c813f5b42b4bf4715f76db35) Importer(815301076,1909f56bfc062723c751e8b465ee728b)  -> (artifact id: 'bd8dba2593a0d4496865cd9200e901c2') in 0.004763 seconds 
========================================================================
Received Import Request.
  Time since last request: 48.714305 seconds.
  path: Assets/Scripts/buttonPress.cs
  artifactKey: Guid(c2b98e32c813f5b42b4bf4715f76db35) Importer(815301076,1909f56bfc062723c751e8b465ee728b)
Start importing Assets/Scripts/buttonPress.cs using Guid(c2b98e32c813f5b42b4bf4715f76db35) Importer(815301076,1909f56bfc062723c751e8b465ee728b)  -> (artifact id: '15e7993551ad15686ac216983c077a8f') in 0.004763 seconds 
========================================================================
Received Import Request.
  Time since last request: 2.947391 seconds.
  path: Assets/Scripts/buttonPress.cs
  artifactKey: Guid(c2b98e32c813f5b42b4bf4715f76db35) Importer(815301076,1909f56bfc062723c751e8b465ee728b)
Start importing Assets/Scripts/buttonPress.cs using Guid(c2b98e32c813f5b42b4bf4715f76db35) Importer(815301076,1909f56bfc062723c751e8b465ee728b)  -> (artifact id: 'dc967cc9c8f2bbfff09e2a1f19439bc7') in 0.005718 seconds 
========================================================================
Received Import Request.
  Time since last request: 26.698622 seconds.
  path: Assets/Scripts/buttonPress.cs
  artifactKey: Guid(c2b98e32c813f5b42b4bf4715f76db35) Importer(815301076,1909f56bfc062723c751e8b465ee728b)
Start importing Assets/Scripts/buttonPress.cs using Guid(c2b98e32c813f5b42b4bf4715f76db35) Importer(815301076,1909f56bfc062723c751e8b465ee728b)  -> (artifact id: 'c3734f1d23627824fbb151a1e9337ba7') in 0.005671 seconds 
========================================================================
Received Import Request.
  Time since last request: 5.736819 seconds.
  path: Assets/Scripts/buttonPress.cs
  artifactKey: Guid(c2b98e32c813f5b42b4bf4715f76db35) Importer(815301076,1909f56bfc062723c751e8b465ee728b)
Start importing Assets/Scripts/buttonPress.cs using Guid(c2b98e32c813f5b42b4bf4715f76db35) Importer(815301076,1909f56bfc062723c751e8b465ee728b)  -> (artifact id: '763e46b7909b99ec89b7c803de948c77') in 0.005962 seconds 
========================================================================
Received Import Request.
  Time since last request: 14.370339 seconds.
  path: Assets/Scripts/buttonPress.cs
  artifactKey: Guid(c2b98e32c813f5b42b4bf4715f76db35) Importer(815301076,1909f56bfc062723c751e8b465ee728b)
Start importing Assets/Scripts/buttonPress.cs using Guid(c2b98e32c813f5b42b4bf4715f76db35) Importer(815301076,1909f56bfc062723c751e8b465ee728b)  -> (artifact id: '17930028e295dbe1a42174f1a88279ca') in 0.003816 seconds 
========================================================================
Received Import Request.
  Time since last request: 32.252075 seconds.
  path: Assets/Scripts/buttonPress.cs
  artifactKey: Guid(c2b98e32c813f5b42b4bf4715f76db35) Importer(815301076,1909f56bfc062723c751e8b465ee728b)
Start importing Assets/Scripts/buttonPress.cs using Guid(c2b98e32c813f5b42b4bf4715f76db35) Importer(815301076,1909f56bfc062723c751e8b465ee728b)  -> (artifact id: '07d8dbf0381bcd45c79d33f9648c75d4') in 0.008351 seconds 
========================================================================
Received Import Request.
  Time since last request: 2.032918 seconds.
  path: Assets/Scripts/buttonPress.cs
  artifactKey: Guid(c2b98e32c813f5b42b4bf4715f76db35) Importer(815301076,1909f56bfc062723c751e8b465ee728b)
Start importing Assets/Scripts/buttonPress.cs using Guid(c2b98e32c813f5b42b4bf4715f76db35) Importer(815301076,1909f56bfc062723c751e8b465ee728b)  -> (artifact id: '8d146c989bd53d71d15f0043ee64e3c7') in 0.005849 seconds 
========================================================================
Received Import Request.
  Time since last request: 7.879541 seconds.
  path: Assets/Scripts/buttonPress.cs
  artifactKey: Guid(c2b98e32c813f5b42b4bf4715f76db35) Importer(815301076,1909f56bfc062723c751e8b465ee728b)
Start importing Assets/Scripts/buttonPress.cs using Guid(c2b98e32c813f5b42b4bf4715f76db35) Importer(815301076,1909f56bfc062723c751e8b465ee728b)  -> (artifact id: '0ab2b292349101dd7d348e9da57e59c8') in 0.004920 seconds 
========================================================================
Received Prepare
Registering precompiled user dll's ...
Registered in 0.010383 seconds.
Begin MonoManager ReloadAssembly
Symbol file LoadedFromMemory doesn't match image C:\proiect\Unity\Proiect Colectiv\Library\PackageCache\com.unity.visualscripting@1.7.8\Editor\VisualScripting.Core\Dependencies\YamlDotNet\Unity.VisualScripting.YamlDotNet.dll
Symbol file LoadedFromMemory doesn't match image C:\proiect\Unity\Proiect Colectiv\Library\PackageCache\com.unity.visualscripting@1.7.8\Editor\VisualScripting.Core\Dependencies\DotNetZip\Unity.VisualScripting.IonicZip.dll
Native extension for UWP target not found
Native extension for WindowsStandalone target not found
Refreshing native plugins compatible for Editor in 0.83 ms, found 3 plugins.
Preloading 0 native plugins for Editor in 0.00 ms.
Mono: successfully reloaded assembly
- Completed reload, in  1.635 seconds
Domain Reload Profiling:
	ReloadAssembly (1636ms)
		BeginReloadAssembly (208ms)
			ExecutionOrderSort (0ms)
			DisableScriptedObjects (8ms)
			BackupInstance (0ms)
			ReleaseScriptingObjects (0ms)
			CreateAndSetChildDomain (50ms)
		EndReloadAssembly (1258ms)
			LoadAssemblies (148ms)
			RebuildTransferFunctionScriptingTraits (0ms)
			SetupTypeCache (439ms)
				TypeCache.Initialize (431ms)
					TypeCache.ScanAssembly (422ms)
				ResolveRequiredComponents (8ms)
			ReleaseScriptCaches (2ms)
			RebuildScriptCaches (63ms)
			SetupLoadedEditorAssemblies (531ms)
				LogAssemblyErrors (0ms)
				InitializePlatformSupportModulesInManaged (19ms)
				SetLoadedEditorAssemblies (10ms)
				RefreshPlugins (1ms)
				BeforeProcessingInitializeOnLoad (97ms)
				ProcessInitializeOnLoadAttributes (349ms)
				ProcessInitializeOnLoadMethodAttributes (44ms)
				AfterProcessingInitializeOnLoad (11ms)
				EditorAssembliesLoaded (0ms)
			ExecutionOrderSort2 (0ms)
			AwakeInstancesAfterBackupRestoration (13ms)
Platform modules already initialized, skipping
Refreshing native plugins compatible for Editor in 2.25 ms, found 3 plugins.
Preloading 0 native plugins for Editor in 0.00 ms.
Unloading 3429 Unused Serialized files (Serialized files now loaded: 0)
Unloading 20 unused Assets / (25.4 KB). Loaded Objects now: 3937.
Memory consumption went from 0.53 GB to 0.53 GB.
Total: 4.629200 ms (FindLiveObjects: 0.335800 ms CreateObjectMapping: 0.250200 ms MarkObjects: 4.006800 ms  DeleteObjects: 0.034700 ms)

AssetImportParameters requested are different than current active one (requested -> active):
  custom:video-decoder-ogg-theora: a1e56fd34408186e4bbccfd4996cb3dc -> 
  custom:container-muxer-webm: aa71ff27fc2769a1b78a27578f13a17b -> 
  custom:container-demuxer-webm: 4f35f7cbe854078d1ac9338744f61a02 -> 
  custom:video-encoder-webm-vp8: eb34c28f22e8b96e1ab97ce403110664 -> 
  custom:video-codec-MediaFoundation-h265: 746d11721c4dcdbdad8f713fa42b33f4 -> 
  custom:audio-encoder-webm-vorbis: bf7c407c2cedff20999df2af8eb42d56 -> 
  custom:framework-win-MediaFoundation: 216162199b28c13a410421893ffa2e32 -> 
  custom:container-demuxer-ogg: 62fdf1f143b41e24485cea50d1cbac27 -> 
  custom:video-decoder-webm-vp8: 9c59270c3fd7afecdb556c50c9e8de78 -> 
  custom:audio-decoder-ogg-vorbis: bf7c407c2cedff20999df2af8eb42d56 -> 
========================================================================
Received Import Request.
  Time since last request: 11.400929 seconds.
  path: Assets/Scripts/buttonPress.cs
  artifactKey: Guid(c2b98e32c813f5b42b4bf4715f76db35) Importer(815301076,1909f56bfc062723c751e8b465ee728b)
Start importing Assets/Scripts/buttonPress.cs using Guid(c2b98e32c813f5b42b4bf4715f76db35) Importer(815301076,1909f56bfc062723c751e8b465ee728b)  -> (artifact id: 'd61ab62e0e5edba4533b9bd2aa564caa') in 0.005609 seconds 
========================================================================
Received Prepare
Registering precompiled user dll's ...
Registered in 0.007980 seconds.
Begin MonoManager ReloadAssembly
Symbol file LoadedFromMemory doesn't match image C:\proiect\Unity\Proiect Colectiv\Library\PackageCache\com.unity.visualscripting@1.7.8\Editor\VisualScripting.Core\Dependencies\YamlDotNet\Unity.VisualScripting.YamlDotNet.dll
Symbol file LoadedFromMemory doesn't match image C:\proiect\Unity\Proiect Colectiv\Library\PackageCache\com.unity.visualscripting@1.7.8\Editor\VisualScripting.Core\Dependencies\DotNetZip\Unity.VisualScripting.IonicZip.dll
Native extension for UWP target not found
Native extension for WindowsStandalone target not found
Refreshing native plugins compatible for Editor in 0.66 ms, found 3 plugins.
Preloading 0 native plugins for Editor in 0.00 ms.
Mono: successfully reloaded assembly
- Completed reload, in  1.040 seconds
Domain Reload Profiling:
	ReloadAssembly (1041ms)
		BeginReloadAssembly (136ms)
			ExecutionOrderSort (0ms)
			DisableScriptedObjects (6ms)
			BackupInstance (0ms)
			ReleaseScriptingObjects (0ms)
			CreateAndSetChildDomain (43ms)
		EndReloadAssembly (803ms)
			LoadAssemblies (86ms)
			RebuildTransferFunctionScriptingTraits (0ms)
			SetupTypeCache (284ms)
				TypeCache.Initialize (280ms)
					TypeCache.ScanAssembly (274ms)
				ResolveRequiredComponents (4ms)
			ReleaseScriptCaches (1ms)
			RebuildScriptCaches (40ms)
			SetupLoadedEditorAssemblies (340ms)
				LogAssemblyErrors (0ms)
				InitializePlatformSupportModulesInManaged (15ms)
				SetLoadedEditorAssemblies (6ms)
				RefreshPlugins (1ms)
				BeforeProcessingInitializeOnLoad (62ms)
				ProcessInitializeOnLoadAttributes (221ms)
				ProcessInitializeOnLoadMethodAttributes (30ms)
				AfterProcessingInitializeOnLoad (6ms)
				EditorAssembliesLoaded (0ms)
			ExecutionOrderSort2 (0ms)
			AwakeInstancesAfterBackupRestoration (9ms)
Platform modules already initialized, skipping
Refreshing native plugins compatible for Editor in 2.10 ms, found 3 plugins.
Preloading 0 native plugins for Editor in 0.00 ms.
Unloading 3429 Unused Serialized files (Serialized files now loaded: 0)
Unloading 20 unused Assets / (25.5 KB). Loaded Objects now: 3940.
Memory consumption went from 0.53 GB to 0.53 GB.
Total: 4.027200 ms (FindLiveObjects: 0.453500 ms CreateObjectMapping: 0.253600 ms MarkObjects: 3.284200 ms  DeleteObjects: 0.033300 ms)

AssetImportParameters requested are different than current active one (requested -> active):
  custom:video-decoder-ogg-theora: a1e56fd34408186e4bbccfd4996cb3dc -> 
  custom:container-muxer-webm: aa71ff27fc2769a1b78a27578f13a17b -> 
  custom:container-demuxer-webm: 4f35f7cbe854078d1ac9338744f61a02 -> 
  custom:video-encoder-webm-vp8: eb34c28f22e8b96e1ab97ce403110664 -> 
  custom:video-codec-MediaFoundation-h265: 746d11721c4dcdbdad8f713fa42b33f4 -> 
  custom:audio-encoder-webm-vorbis: bf7c407c2cedff20999df2af8eb42d56 -> 
  custom:framework-win-MediaFoundation: 216162199b28c13a410421893ffa2e32 -> 
  custom:container-demuxer-ogg: 62fdf1f143b41e24485cea50d1cbac27 -> 
  custom:video-decoder-webm-vp8: 9c59270c3fd7afecdb556c50c9e8de78 -> 
  custom:audio-decoder-ogg-vorbis: bf7c407c2cedff20999df2af8eb42d56 -> 
========================================================================
Received Import Request.
  Time since last request: 121.071801 seconds.
  path: Assets/Assets/ArrowDown.png
  artifactKey: Guid(3b44b81adf2adf14088d688a422f3de3) Importer(815301076,1909f56bfc062723c751e8b465ee728b)
Start importing Assets/Assets/ArrowDown.png using Guid(3b44b81adf2adf14088d688a422f3de3) Importer(815301076,1909f56bfc062723c751e8b465ee728b)  -> (artifact id: '8c08c14cfd8f907994431bad5f56cb87') in 0.126069 seconds 
========================================================================
Received Import Request.
  Time since last request: 0.000029 seconds.
  path: Assets/Assets/ArrowUp.png
  artifactKey: Guid(febbe20635bfb4a42af166035aeb43cc) Importer(815301076,1909f56bfc062723c751e8b465ee728b)
Start importing Assets/Assets/ArrowUp.png using Guid(febbe20635bfb4a42af166035aeb43cc) Importer(815301076,1909f56bfc062723c751e8b465ee728b)  -> (artifact id: 'acb255ed87724caccdd6bd4ce9f9fce4') in 0.025052 seconds 
========================================================================
Received Import Request.
  Time since last request: 25.425798 seconds.
  path: Assets/Assets/White.png
  artifactKey: Guid(30ec359d373360746b41507a82aadc59) Importer(815301076,1909f56bfc062723c751e8b465ee728b)
Start importing Assets/Assets/White.png using Guid(30ec359d373360746b41507a82aadc59) Importer(815301076,1909f56bfc062723c751e8b465ee728b)  -> (artifact id: 'd2ed85617f1b4bdf4eba8eda07dc1368') in 0.032967 seconds 
========================================================================
Received Import Request.
  Time since last request: 11.162953 seconds.
  path: Assets/Assets/Button.png
  artifactKey: Guid(30ec359d373360746b41507a82aadc59) Importer(815301076,1909f56bfc062723c751e8b465ee728b)
Start importing Assets/Assets/Button.png using Guid(30ec359d373360746b41507a82aadc59) Importer(815301076,1909f56bfc062723c751e8b465ee728b)  -> (artifact id: '394643d937d949d170db58f42efd53c1') in 0.032722 seconds 
========================================================================
Received Import Request.
  Time since last request: 20.238267 seconds.
  path: Assets/Assets/ArrowRight.png
  artifactKey: Guid(361a6d136f8ffcf49be04cb218111def) Importer(815301076,1909f56bfc062723c751e8b465ee728b)
Start importing Assets/Assets/ArrowRight.png using Guid(361a6d136f8ffcf49be04cb218111def) Importer(815301076,1909f56bfc062723c751e8b465ee728b)  -> (artifact id: 'a2ae354344d9f1a5f4661df8c2e65b12') in 0.165117 seconds 
========================================================================
Received Import Request.
  Time since last request: 0.000057 seconds.
  path: Assets/Assets/ArrowUp.png
  artifactKey: Guid(febbe20635bfb4a42af166035aeb43cc) Importer(815301076,1909f56bfc062723c751e8b465ee728b)
Start importing Assets/Assets/ArrowUp.png using Guid(febbe20635bfb4a42af166035aeb43cc) Importer(815301076,1909f56bfc062723c751e8b465ee728b)  -> (artifact id: '474092729b12b4c46233f11508f9bc25') in 0.068744 seconds 
========================================================================
Received Import Request.
  Time since last request: 0.000052 seconds.
  path: Assets/Assets/Button.png
  artifactKey: Guid(30ec359d373360746b41507a82aadc59) Importer(815301076,1909f56bfc062723c751e8b465ee728b)
Start importing Assets/Assets/Button.png using Guid(30ec359d373360746b41507a82aadc59) Importer(815301076,1909f56bfc062723c751e8b465ee728b)  -> (artifact id: '918e38ca5feeaa00d6bbe22642af5fca') in 0.045849 seconds 
